The system is: Linux - 3.10.0-327.36.3.el7.x86_64 - x86_64
Compiling the C compiler identification source file "CMakeCCompilerId.c" succeeded.
Compiler: /usr/bin/cc 
Build flags: 
Id flags: 

The output was:
0


Compilation of the C compiler identification source "CMakeCCompilerId.c" produced "a.out"

The C compiler identification is GNU, found in "/afs/andrew.cmu.edu/usr8/ajaiswal/private/418/15418-Final-Project/CUDA_parallel/build_dir/CMakeFiles/2.8.11/CompilerIdC/a.out"

Compiling the CXX compiler identification source file "CMakeCXXCompilerId.cpp" succeeded.
Compiler: /usr/bin/c++ 
Build flags: 
Id flags: 

The output was:
0


Compilation of the CXX compiler identification source "CMakeCXXCompilerId.cpp" produced "a.out"

The CXX compiler identification is GNU, found in "/afs/andrew.cmu.edu/usr8/ajaiswal/private/418/15418-Final-Project/CUDA_parallel/build_dir/CMakeFiles/2.8.11/CompilerIdCXX/a.out"

Determining if the C compiler works passed with the following output:
Change Dir: /afs/andrew.cmu.edu/usr8/ajaiswal/private/418/15418-Final-Project/CUDA_parallel/build_dir/CMakeFiles/CMakeTmp

Run Build Command:/usr/bin/gmake "cmTryCompileExec2397726029/fast"
/usr/bin/gmake -f CMakeFiles/cmTryCompileExec2397726029.dir/build.make CMakeFiles/cmTryCompileExec2397726029.dir/build
gmake[1]: Entering directory `/afs/andrew.cmu.edu/usr8/ajaiswal/private/418/15418-Final-Project/CUDA_parallel/build_dir/CMakeFiles/CMakeTmp'
/usr/bin/cmake -E cmake_progress_report /afs/andrew.cmu.edu/usr8/ajaiswal/private/418/15418-Final-Project/CUDA_parallel/build_dir/CMakeFiles/CMakeTmp/CMakeFiles 1
Building C object CMakeFiles/cmTryCompileExec2397726029.dir/testCCompiler.c.o
/usr/bin/cc    -o CMakeFiles/cmTryCompileExec2397726029.dir/testCCompiler.c.o   -c /afs/andrew.cmu.edu/usr8/ajaiswal/private/418/15418-Final-Project/CUDA_parallel/build_dir/CMakeFiles/CMakeTmp/testCCompiler.c
Linking C executable cmTryCompileExec2397726029
/usr/bin/cmake -E cmake_link_script CMakeFiles/cmTryCompileExec2397726029.dir/link.txt --verbose=1
/usr/bin/cc         CMakeFiles/cmTryCompileExec2397726029.dir/testCCompiler.c.o  -o cmTryCompileExec2397726029 -rdynamic 
gmake[1]: Leaving directory `/afs/andrew.cmu.edu/usr8/ajaiswal/private/418/15418-Final-Project/CUDA_parallel/build_dir/CMakeFiles/CMakeTmp'


Detecting C compiler ABI info compiled with the following output:
Change Dir: /afs/andrew.cmu.edu/usr8/ajaiswal/private/418/15418-Final-Project/CUDA_parallel/build_dir/CMakeFiles/CMakeTmp

Run Build Command:/usr/bin/gmake "cmTryCompileExec725794262/fast"
/usr/bin/gmake -f CMakeFiles/cmTryCompileExec725794262.dir/build.make CMakeFiles/cmTryCompileExec725794262.dir/build
gmake[1]: Entering directory `/afs/andrew.cmu.edu/usr8/ajaiswal/private/418/15418-Final-Project/CUDA_parallel/build_dir/CMakeFiles/CMakeTmp'
/usr/bin/cmake -E cmake_progress_report /afs/andrew.cmu.edu/usr8/ajaiswal/private/418/15418-Final-Project/CUDA_parallel/build_dir/CMakeFiles/CMakeTmp/CMakeFiles 1
Building C object CMakeFiles/cmTryCompileExec725794262.dir/CMakeCCompilerABI.c.o
/usr/bin/cc    -o CMakeFiles/cmTryCompileExec725794262.dir/CMakeCCompilerABI.c.o   -c /usr/share/cmake/Modules/CMakeCCompilerABI.c
Linking C executable cmTryCompileExec725794262
/usr/bin/cmake -E cmake_link_script CMakeFiles/cmTryCompileExec725794262.dir/link.txt --verbose=1
/usr/bin/cc       -v CMakeFiles/cmTryCompileExec725794262.dir/CMakeCCompilerABI.c.o  -o cmTryCompileExec725794262 -rdynamic  
Using built-in specs.
COLLECT_GCC=/usr/bin/cc
COLLECT_LTO_WRAPPER=/usr/libexec/gcc/x86_64-redhat-linux/4.8.5/lto-wrapper
Target: x86_64-redhat-linux
Configured with: ../configure --prefix=/usr --mandir=/usr/share/man --infodir=/usr/share/info --with-bugurl=http://bugzilla.redhat.com/bugzilla --enable-bootstrap --enable-shared --enable-threads=posix --enable-checking=release --with-system-zlib --enable-__cxa_atexit --disable-libunwind-exceptions --enable-gnu-unique-object --enable-linker-build-id --with-linker-hash-style=gnu --enable-languages=c,c++,objc,obj-c++,java,fortran,ada,go,lto --enable-plugin --enable-initfini-array --disable-libgcj --with-isl=/builddir/build/BUILD/gcc-4.8.5-20150702/obj-x86_64-redhat-linux/isl-install --with-cloog=/builddir/build/BUILD/gcc-4.8.5-20150702/obj-x86_64-redhat-linux/cloog-install --enable-gnu-indirect-function --with-tune=generic --with-arch_32=x86-64 --build=x86_64-redhat-linux
Thread model: posix
gcc version 4.8.5 20150623 (Red Hat 4.8.5-4) (GCC) 
COMPILER_PATH=/usr/libexec/gcc/x86_64-redhat-linux/4.8.5/:/usr/libexec/gcc/x86_64-redhat-linux/4.8.5/:/usr/libexec/gcc/x86_64-redhat-linux/:/usr/lib/gcc/x86_64-redhat-linux/4.8.5/:/usr/lib/gcc/x86_64-redhat-linux/
LIBRARY_PATH=/usr/lib/gcc/x86_64-redhat-linux/4.8.5/:/usr/lib/gcc/x86_64-redhat-linux/4.8.5/../../../../lib64/:/lib/../lib64/:/usr/lib/../lib64/:/usr/lib/gcc/x86_64-redhat-linux/4.8.5/../../../:/lib/:/usr/lib/
COLLECT_GCC_OPTIONS='-v' '-o' 'cmTryCompileExec725794262' '-rdynamic' '-mtune=generic' '-march=x86-64'
 /usr/libexec/gcc/x86_64-redhat-linux/4.8.5/collect2 --build-id --no-add-needed --eh-frame-hdr --hash-style=gnu -m elf_x86_64 -export-dynamic -dynamic-linker /lib64/ld-linux-x86-64.so.2 -o cmTryCompileExec725794262 /usr/lib/gcc/x86_64-redhat-linux/4.8.5/../../../../lib64/crt1.o /usr/lib/gcc/x86_64-redhat-linux/4.8.5/../../../../lib64/crti.o /usr/lib/gcc/x86_64-redhat-linux/4.8.5/crtbegin.o -L/usr/lib/gcc/x86_64-redhat-linux/4.8.5 -L/usr/lib/gcc/x86_64-redhat-linux/4.8.5/../../../../lib64 -L/lib/../lib64 -L/usr/lib/../lib64 -L/usr/lib/gcc/x86_64-redhat-linux/4.8.5/../../.. CMakeFiles/cmTryCompileExec725794262.dir/CMakeCCompilerABI.c.o -lgcc --as-needed -lgcc_s --no-as-needed -lc -lgcc --as-needed -lgcc_s --no-as-needed /usr/lib/gcc/x86_64-redhat-linux/4.8.5/crtend.o /usr/lib/gcc/x86_64-redhat-linux/4.8.5/../../../../lib64/crtn.o
gmake[1]: Leaving directory `/afs/andrew.cmu.edu/usr8/ajaiswal/private/418/15418-Final-Project/CUDA_parallel/build_dir/CMakeFiles/CMakeTmp'


Parsed C implicit link information from above output:
  link line regex: [^( *|.*[/\])(ld|ld|collect2)[^/\]*( |$)]
  ignore line: [Change Dir: /afs/andrew.cmu.edu/usr8/ajaiswal/private/418/15418-Final-Project/CUDA_parallel/build_dir/CMakeFiles/CMakeTmp]
  ignore line: []
  ignore line: [Run Build Command:/usr/bin/gmake "cmTryCompileExec725794262/fast"]
  ignore line: [/usr/bin/gmake -f CMakeFiles/cmTryCompileExec725794262.dir/build.make CMakeFiles/cmTryCompileExec725794262.dir/build]
  ignore line: [gmake[1]: Entering directory `/afs/andrew.cmu.edu/usr8/ajaiswal/private/418/15418-Final-Project/CUDA_parallel/build_dir/CMakeFiles/CMakeTmp']
  ignore line: [/usr/bin/cmake -E cmake_progress_report /afs/andrew.cmu.edu/usr8/ajaiswal/private/418/15418-Final-Project/CUDA_parallel/build_dir/CMakeFiles/CMakeTmp/CMakeFiles 1]
  ignore line: [Building C object CMakeFiles/cmTryCompileExec725794262.dir/CMakeCCompilerABI.c.o]
  ignore line: [/usr/bin/cc    -o CMakeFiles/cmTryCompileExec725794262.dir/CMakeCCompilerABI.c.o   -c /usr/share/cmake/Modules/CMakeCCompilerABI.c]
  ignore line: [Linking C executable cmTryCompileExec725794262]
  ignore line: [/usr/bin/cmake -E cmake_link_script CMakeFiles/cmTryCompileExec725794262.dir/link.txt --verbose=1]
  ignore line: [/usr/bin/cc       -v CMakeFiles/cmTryCompileExec725794262.dir/CMakeCCompilerABI.c.o  -o cmTryCompileExec725794262 -rdynamic  ]
  ignore line: [Using built-in specs.]
  ignore line: [COLLECT_GCC=/usr/bin/cc]
  ignore line: [COLLECT_LTO_WRAPPER=/usr/libexec/gcc/x86_64-redhat-linux/4.8.5/lto-wrapper]
  ignore line: [Target: x86_64-redhat-linux]
  ignore line: [Configured with: ../configure --prefix=/usr --mandir=/usr/share/man --infodir=/usr/share/info --with-bugurl=http://bugzilla.redhat.com/bugzilla --enable-bootstrap --enable-shared --enable-threads=posix --enable-checking=release --with-system-zlib --enable-__cxa_atexit --disable-libunwind-exceptions --enable-gnu-unique-object --enable-linker-build-id --with-linker-hash-style=gnu --enable-languages=c,c++,objc,obj-c++,java,fortran,ada,go,lto --enable-plugin --enable-initfini-array --disable-libgcj --with-isl=/builddir/build/BUILD/gcc-4.8.5-20150702/obj-x86_64-redhat-linux/isl-install --with-cloog=/builddir/build/BUILD/gcc-4.8.5-20150702/obj-x86_64-redhat-linux/cloog-install --enable-gnu-indirect-function --with-tune=generic --with-arch_32=x86-64 --build=x86_64-redhat-linux]
  ignore line: [Thread model: posix]
  ignore line: [gcc version 4.8.5 20150623 (Red Hat 4.8.5-4) (GCC) ]
  ignore line: [COMPILER_PATH=/usr/libexec/gcc/x86_64-redhat-linux/4.8.5/:/usr/libexec/gcc/x86_64-redhat-linux/4.8.5/:/usr/libexec/gcc/x86_64-redhat-linux/:/usr/lib/gcc/x86_64-redhat-linux/4.8.5/:/usr/lib/gcc/x86_64-redhat-linux/]
  ignore line: [LIBRARY_PATH=/usr/lib/gcc/x86_64-redhat-linux/4.8.5/:/usr/lib/gcc/x86_64-redhat-linux/4.8.5/../../../../lib64/:/lib/../lib64/:/usr/lib/../lib64/:/usr/lib/gcc/x86_64-redhat-linux/4.8.5/../../../:/lib/:/usr/lib/]
  ignore line: [COLLECT_GCC_OPTIONS='-v' '-o' 'cmTryCompileExec725794262' '-rdynamic' '-mtune=generic' '-march=x86-64']
  link line: [ /usr/libexec/gcc/x86_64-redhat-linux/4.8.5/collect2 --build-id --no-add-needed --eh-frame-hdr --hash-style=gnu -m elf_x86_64 -export-dynamic -dynamic-linker /lib64/ld-linux-x86-64.so.2 -o cmTryCompileExec725794262 /usr/lib/gcc/x86_64-redhat-linux/4.8.5/../../../../lib64/crt1.o /usr/lib/gcc/x86_64-redhat-linux/4.8.5/../../../../lib64/crti.o /usr/lib/gcc/x86_64-redhat-linux/4.8.5/crtbegin.o -L/usr/lib/gcc/x86_64-redhat-linux/4.8.5 -L/usr/lib/gcc/x86_64-redhat-linux/4.8.5/../../../../lib64 -L/lib/../lib64 -L/usr/lib/../lib64 -L/usr/lib/gcc/x86_64-redhat-linux/4.8.5/../../.. CMakeFiles/cmTryCompileExec725794262.dir/CMakeCCompilerABI.c.o -lgcc --as-needed -lgcc_s --no-as-needed -lc -lgcc --as-needed -lgcc_s --no-as-needed /usr/lib/gcc/x86_64-redhat-linux/4.8.5/crtend.o /usr/lib/gcc/x86_64-redhat-linux/4.8.5/../../../../lib64/crtn.o]
    arg [/usr/libexec/gcc/x86_64-redhat-linux/4.8.5/collect2] ==> ignore
    arg [--build-id] ==> ignore
    arg [--no-add-needed] ==> ignore
    arg [--eh-frame-hdr] ==> ignore
    arg [--hash-style=gnu] ==> ignore
    arg [-m] ==> ignore
    arg [elf_x86_64] ==> ignore
    arg [-export-dynamic] ==> ignore
    arg [-dynamic-linker] ==> ignore
    arg [/lib64/ld-linux-x86-64.so.2] ==> ignore
    arg [-o] ==> ignore
    arg [cmTryCompileExec725794262] ==> ignore
    arg [/usr/lib/gcc/x86_64-redhat-linux/4.8.5/../../../../lib64/crt1.o] ==> ignore
    arg [/usr/lib/gcc/x86_64-redhat-linux/4.8.5/../../../../lib64/crti.o] ==> ignore
    arg [/usr/lib/gcc/x86_64-redhat-linux/4.8.5/crtbegin.o] ==> ignore
    arg [-L/usr/lib/gcc/x86_64-redhat-linux/4.8.5] ==> dir [/usr/lib/gcc/x86_64-redhat-linux/4.8.5]
    arg [-L/usr/lib/gcc/x86_64-redhat-linux/4.8.5/../../../../lib64] ==> dir [/usr/lib/gcc/x86_64-redhat-linux/4.8.5/../../../../lib64]
    arg [-L/lib/../lib64] ==> dir [/lib/../lib64]
    arg [-L/usr/lib/../lib64] ==> dir [/usr/lib/../lib64]
    arg [-L/usr/lib/gcc/x86_64-redhat-linux/4.8.5/../../..] ==> dir [/usr/lib/gcc/x86_64-redhat-linux/4.8.5/../../..]
    arg [CMakeFiles/cmTryCompileExec725794262.dir/CMakeCCompilerABI.c.o] ==> ignore
    arg [-lgcc] ==> lib [gcc]
    arg [--as-needed] ==> ignore
    arg [-lgcc_s] ==> lib [gcc_s]
    arg [--no-as-needed] ==> ignore
    arg [-lc] ==> lib [c]
    arg [-lgcc] ==> lib [gcc]
    arg [--as-needed] ==> ignore
    arg [-lgcc_s] ==> lib [gcc_s]
    arg [--no-as-needed] ==> ignore
    arg [/usr/lib/gcc/x86_64-redhat-linux/4.8.5/crtend.o] ==> ignore
    arg [/usr/lib/gcc/x86_64-redhat-linux/4.8.5/../../../../lib64/crtn.o] ==> ignore
  remove lib [gcc]
  remove lib [gcc_s]
  remove lib [gcc]
  remove lib [gcc_s]
  collapse library dir [/usr/lib/gcc/x86_64-redhat-linux/4.8.5] ==> [/usr/lib/gcc/x86_64-redhat-linux/4.8.5]
  collapse library dir [/usr/lib/gcc/x86_64-redhat-linux/4.8.5/../../../../lib64] ==> [/usr/lib64]
  collapse library dir [/lib/../lib64] ==> [/lib64]
  collapse library dir [/usr/lib/../lib64] ==> [/usr/lib64]
  collapse library dir [/usr/lib/gcc/x86_64-redhat-linux/4.8.5/../../..] ==> [/usr/lib]
  implicit libs: [c]
  implicit dirs: [/usr/lib/gcc/x86_64-redhat-linux/4.8.5;/usr/lib64;/lib64;/usr/lib]
  implicit fwks: []


Determining if the CXX compiler works passed with the following output:
Change Dir: /afs/andrew.cmu.edu/usr8/ajaiswal/private/418/15418-Final-Project/CUDA_parallel/build_dir/CMakeFiles/CMakeTmp

Run Build Command:/usr/bin/gmake "cmTryCompileExec3707523813/fast"
/usr/bin/gmake -f CMakeFiles/cmTryCompileExec3707523813.dir/build.make CMakeFiles/cmTryCompileExec3707523813.dir/build
gmake[1]: Entering directory `/afs/andrew.cmu.edu/usr8/ajaiswal/private/418/15418-Final-Project/CUDA_parallel/build_dir/CMakeFiles/CMakeTmp'
/usr/bin/cmake -E cmake_progress_report /afs/andrew.cmu.edu/usr8/ajaiswal/private/418/15418-Final-Project/CUDA_parallel/build_dir/CMakeFiles/CMakeTmp/CMakeFiles 1
Building CXX object CMakeFiles/cmTryCompileExec3707523813.dir/testCXXCompiler.cxx.o
/usr/bin/c++     -o CMakeFiles/cmTryCompileExec3707523813.dir/testCXXCompiler.cxx.o -c /afs/andrew.cmu.edu/usr8/ajaiswal/private/418/15418-Final-Project/CUDA_parallel/build_dir/CMakeFiles/CMakeTmp/testCXXCompiler.cxx
Linking CXX executable cmTryCompileExec3707523813
/usr/bin/cmake -E cmake_link_script CMakeFiles/cmTryCompileExec3707523813.dir/link.txt --verbose=1
/usr/bin/c++          CMakeFiles/cmTryCompileExec3707523813.dir/testCXXCompiler.cxx.o  -o cmTryCompileExec3707523813 -rdynamic 
gmake[1]: Leaving directory `/afs/andrew.cmu.edu/usr8/ajaiswal/private/418/15418-Final-Project/CUDA_parallel/build_dir/CMakeFiles/CMakeTmp'


Detecting CXX compiler ABI info compiled with the following output:
Change Dir: /afs/andrew.cmu.edu/usr8/ajaiswal/private/418/15418-Final-Project/CUDA_parallel/build_dir/CMakeFiles/CMakeTmp

Run Build Command:/usr/bin/gmake "cmTryCompileExec770131220/fast"
/usr/bin/gmake -f CMakeFiles/cmTryCompileExec770131220.dir/build.make CMakeFiles/cmTryCompileExec770131220.dir/build
gmake[1]: Entering directory `/afs/andrew.cmu.edu/usr8/ajaiswal/private/418/15418-Final-Project/CUDA_parallel/build_dir/CMakeFiles/CMakeTmp'
/usr/bin/cmake -E cmake_progress_report /afs/andrew.cmu.edu/usr8/ajaiswal/private/418/15418-Final-Project/CUDA_parallel/build_dir/CMakeFiles/CMakeTmp/CMakeFiles 1
Building CXX object CMakeFiles/cmTryCompileExec770131220.dir/CMakeCXXCompilerABI.cpp.o
/usr/bin/c++     -o CMakeFiles/cmTryCompileExec770131220.dir/CMakeCXXCompilerABI.cpp.o -c /usr/share/cmake/Modules/CMakeCXXCompilerABI.cpp
Linking CXX executable cmTryCompileExec770131220
/usr/bin/cmake -E cmake_link_script CMakeFiles/cmTryCompileExec770131220.dir/link.txt --verbose=1
/usr/bin/c++        -v CMakeFiles/cmTryCompileExec770131220.dir/CMakeCXXCompilerABI.cpp.o  -o cmTryCompileExec770131220 -rdynamic  
Using built-in specs.
COLLECT_GCC=/usr/bin/c++
COLLECT_LTO_WRAPPER=/usr/libexec/gcc/x86_64-redhat-linux/4.8.5/lto-wrapper
Target: x86_64-redhat-linux
Configured with: ../configure --prefix=/usr --mandir=/usr/share/man --infodir=/usr/share/info --with-bugurl=http://bugzilla.redhat.com/bugzilla --enable-bootstrap --enable-shared --enable-threads=posix --enable-checking=release --with-system-zlib --enable-__cxa_atexit --disable-libunwind-exceptions --enable-gnu-unique-object --enable-linker-build-id --with-linker-hash-style=gnu --enable-languages=c,c++,objc,obj-c++,java,fortran,ada,go,lto --enable-plugin --enable-initfini-array --disable-libgcj --with-isl=/builddir/build/BUILD/gcc-4.8.5-20150702/obj-x86_64-redhat-linux/isl-install --with-cloog=/builddir/build/BUILD/gcc-4.8.5-20150702/obj-x86_64-redhat-linux/cloog-install --enable-gnu-indirect-function --with-tune=generic --with-arch_32=x86-64 --build=x86_64-redhat-linux
Thread model: posix
gcc version 4.8.5 20150623 (Red Hat 4.8.5-4) (GCC) 
COMPILER_PATH=/usr/libexec/gcc/x86_64-redhat-linux/4.8.5/:/usr/libexec/gcc/x86_64-redhat-linux/4.8.5/:/usr/libexec/gcc/x86_64-redhat-linux/:/usr/lib/gcc/x86_64-redhat-linux/4.8.5/:/usr/lib/gcc/x86_64-redhat-linux/
LIBRARY_PATH=/usr/lib/gcc/x86_64-redhat-linux/4.8.5/:/usr/lib/gcc/x86_64-redhat-linux/4.8.5/../../../../lib64/:/lib/../lib64/:/usr/lib/../lib64/:/usr/lib/gcc/x86_64-redhat-linux/4.8.5/../../../:/lib/:/usr/lib/
COLLECT_GCC_OPTIONS='-v' '-o' 'cmTryCompileExec770131220' '-rdynamic' '-shared-libgcc' '-mtune=generic' '-march=x86-64'
 /usr/libexec/gcc/x86_64-redhat-linux/4.8.5/collect2 --build-id --no-add-needed --eh-frame-hdr --hash-style=gnu -m elf_x86_64 -export-dynamic -dynamic-linker /lib64/ld-linux-x86-64.so.2 -o cmTryCompileExec770131220 /usr/lib/gcc/x86_64-redhat-linux/4.8.5/../../../../lib64/crt1.o /usr/lib/gcc/x86_64-redhat-linux/4.8.5/../../../../lib64/crti.o /usr/lib/gcc/x86_64-redhat-linux/4.8.5/crtbegin.o -L/usr/lib/gcc/x86_64-redhat-linux/4.8.5 -L/usr/lib/gcc/x86_64-redhat-linux/4.8.5/../../../../lib64 -L/lib/../lib64 -L/usr/lib/../lib64 -L/usr/lib/gcc/x86_64-redhat-linux/4.8.5/../../.. CMakeFiles/cmTryCompileExec770131220.dir/CMakeCXXCompilerABI.cpp.o -lstdc++ -lm -lgcc_s -lgcc -lc -lgcc_s -lgcc /usr/lib/gcc/x86_64-redhat-linux/4.8.5/crtend.o /usr/lib/gcc/x86_64-redhat-linux/4.8.5/../../../../lib64/crtn.o
gmake[1]: Leaving directory `/afs/andrew.cmu.edu/usr8/ajaiswal/private/418/15418-Final-Project/CUDA_parallel/build_dir/CMakeFiles/CMakeTmp'


Parsed CXX implicit link information from above output:
  link line regex: [^( *|.*[/\])(ld|ld|collect2)[^/\]*( |$)]
  ignore line: [Change Dir: /afs/andrew.cmu.edu/usr8/ajaiswal/private/418/15418-Final-Project/CUDA_parallel/build_dir/CMakeFiles/CMakeTmp]
  ignore line: []
  ignore line: [Run Build Command:/usr/bin/gmake "cmTryCompileExec770131220/fast"]
  ignore line: [/usr/bin/gmake -f CMakeFiles/cmTryCompileExec770131220.dir/build.make CMakeFiles/cmTryCompileExec770131220.dir/build]
  ignore line: [gmake[1]: Entering directory `/afs/andrew.cmu.edu/usr8/ajaiswal/private/418/15418-Final-Project/CUDA_parallel/build_dir/CMakeFiles/CMakeTmp']
  ignore line: [/usr/bin/cmake -E cmake_progress_report /afs/andrew.cmu.edu/usr8/ajaiswal/private/418/15418-Final-Project/CUDA_parallel/build_dir/CMakeFiles/CMakeTmp/CMakeFiles 1]
  ignore line: [Building CXX object CMakeFiles/cmTryCompileExec770131220.dir/CMakeCXXCompilerABI.cpp.o]
  ignore line: [/usr/bin/c++     -o CMakeFiles/cmTryCompileExec770131220.dir/CMakeCXXCompilerABI.cpp.o -c /usr/share/cmake/Modules/CMakeCXXCompilerABI.cpp]
  ignore line: [Linking CXX executable cmTryCompileExec770131220]
  ignore line: [/usr/bin/cmake -E cmake_link_script CMakeFiles/cmTryCompileExec770131220.dir/link.txt --verbose=1]
  ignore line: [/usr/bin/c++        -v CMakeFiles/cmTryCompileExec770131220.dir/CMakeCXXCompilerABI.cpp.o  -o cmTryCompileExec770131220 -rdynamic  ]
  ignore line: [Using built-in specs.]
  ignore line: [COLLECT_GCC=/usr/bin/c++]
  ignore line: [COLLECT_LTO_WRAPPER=/usr/libexec/gcc/x86_64-redhat-linux/4.8.5/lto-wrapper]
  ignore line: [Target: x86_64-redhat-linux]
  ignore line: [Configured with: ../configure --prefix=/usr --mandir=/usr/share/man --infodir=/usr/share/info --with-bugurl=http://bugzilla.redhat.com/bugzilla --enable-bootstrap --enable-shared --enable-threads=posix --enable-checking=release --with-system-zlib --enable-__cxa_atexit --disable-libunwind-exceptions --enable-gnu-unique-object --enable-linker-build-id --with-linker-hash-style=gnu --enable-languages=c,c++,objc,obj-c++,java,fortran,ada,go,lto --enable-plugin --enable-initfini-array --disable-libgcj --with-isl=/builddir/build/BUILD/gcc-4.8.5-20150702/obj-x86_64-redhat-linux/isl-install --with-cloog=/builddir/build/BUILD/gcc-4.8.5-20150702/obj-x86_64-redhat-linux/cloog-install --enable-gnu-indirect-function --with-tune=generic --with-arch_32=x86-64 --build=x86_64-redhat-linux]
  ignore line: [Thread model: posix]
  ignore line: [gcc version 4.8.5 20150623 (Red Hat 4.8.5-4) (GCC) ]
  ignore line: [COMPILER_PATH=/usr/libexec/gcc/x86_64-redhat-linux/4.8.5/:/usr/libexec/gcc/x86_64-redhat-linux/4.8.5/:/usr/libexec/gcc/x86_64-redhat-linux/:/usr/lib/gcc/x86_64-redhat-linux/4.8.5/:/usr/lib/gcc/x86_64-redhat-linux/]
  ignore line: [LIBRARY_PATH=/usr/lib/gcc/x86_64-redhat-linux/4.8.5/:/usr/lib/gcc/x86_64-redhat-linux/4.8.5/../../../../lib64/:/lib/../lib64/:/usr/lib/../lib64/:/usr/lib/gcc/x86_64-redhat-linux/4.8.5/../../../:/lib/:/usr/lib/]
  ignore line: [COLLECT_GCC_OPTIONS='-v' '-o' 'cmTryCompileExec770131220' '-rdynamic' '-shared-libgcc' '-mtune=generic' '-march=x86-64']
  link line: [ /usr/libexec/gcc/x86_64-redhat-linux/4.8.5/collect2 --build-id --no-add-needed --eh-frame-hdr --hash-style=gnu -m elf_x86_64 -export-dynamic -dynamic-linker /lib64/ld-linux-x86-64.so.2 -o cmTryCompileExec770131220 /usr/lib/gcc/x86_64-redhat-linux/4.8.5/../../../../lib64/crt1.o /usr/lib/gcc/x86_64-redhat-linux/4.8.5/../../../../lib64/crti.o /usr/lib/gcc/x86_64-redhat-linux/4.8.5/crtbegin.o -L/usr/lib/gcc/x86_64-redhat-linux/4.8.5 -L/usr/lib/gcc/x86_64-redhat-linux/4.8.5/../../../../lib64 -L/lib/../lib64 -L/usr/lib/../lib64 -L/usr/lib/gcc/x86_64-redhat-linux/4.8.5/../../.. CMakeFiles/cmTryCompileExec770131220.dir/CMakeCXXCompilerABI.cpp.o -lstdc++ -lm -lgcc_s -lgcc -lc -lgcc_s -lgcc /usr/lib/gcc/x86_64-redhat-linux/4.8.5/crtend.o /usr/lib/gcc/x86_64-redhat-linux/4.8.5/../../../../lib64/crtn.o]
    arg [/usr/libexec/gcc/x86_64-redhat-linux/4.8.5/collect2] ==> ignore
    arg [--build-id] ==> ignore
    arg [--no-add-needed] ==> ignore
    arg [--eh-frame-hdr] ==> ignore
    arg [--hash-style=gnu] ==> ignore
    arg [-m] ==> ignore
    arg [elf_x86_64] ==> ignore
    arg [-export-dynamic] ==> ignore
    arg [-dynamic-linker] ==> ignore
    arg [/lib64/ld-linux-x86-64.so.2] ==> ignore
    arg [-o] ==> ignore
    arg [cmTryCompileExec770131220] ==> ignore
    arg [/usr/lib/gcc/x86_64-redhat-linux/4.8.5/../../../../lib64/crt1.o] ==> ignore
    arg [/usr/lib/gcc/x86_64-redhat-linux/4.8.5/../../../../lib64/crti.o] ==> ignore
    arg [/usr/lib/gcc/x86_64-redhat-linux/4.8.5/crtbegin.o] ==> ignore
    arg [-L/usr/lib/gcc/x86_64-redhat-linux/4.8.5] ==> dir [/usr/lib/gcc/x86_64-redhat-linux/4.8.5]
    arg [-L/usr/lib/gcc/x86_64-redhat-linux/4.8.5/../../../../lib64] ==> dir [/usr/lib/gcc/x86_64-redhat-linux/4.8.5/../../../../lib64]
    arg [-L/lib/../lib64] ==> dir [/lib/../lib64]
    arg [-L/usr/lib/../lib64] ==> dir [/usr/lib/../lib64]
    arg [-L/usr/lib/gcc/x86_64-redhat-linux/4.8.5/../../..] ==> dir [/usr/lib/gcc/x86_64-redhat-linux/4.8.5/../../..]
    arg [CMakeFiles/cmTryCompileExec770131220.dir/CMakeCXXCompilerABI.cpp.o] ==> ignore
    arg [-lstdc++] ==> lib [stdc++]
    arg [-lm] ==> lib [m]
    arg [-lgcc_s] ==> lib [gcc_s]
    arg [-lgcc] ==> lib [gcc]
    arg [-lc] ==> lib [c]
    arg [-lgcc_s] ==> lib [gcc_s]
    arg [-lgcc] ==> lib [gcc]
    arg [/usr/lib/gcc/x86_64-redhat-linux/4.8.5/crtend.o] ==> ignore
    arg [/usr/lib/gcc/x86_64-redhat-linux/4.8.5/../../../../lib64/crtn.o] ==> ignore
  remove lib [gcc_s]
  remove lib [gcc]
  remove lib [gcc_s]
  remove lib [gcc]
  collapse library dir [/usr/lib/gcc/x86_64-redhat-linux/4.8.5] ==> [/usr/lib/gcc/x86_64-redhat-linux/4.8.5]
  collapse library dir [/usr/lib/gcc/x86_64-redhat-linux/4.8.5/../../../../lib64] ==> [/usr/lib64]
  collapse library dir [/lib/../lib64] ==> [/lib64]
  collapse library dir [/usr/lib/../lib64] ==> [/usr/lib64]
  collapse library dir [/usr/lib/gcc/x86_64-redhat-linux/4.8.5/../../..] ==> [/usr/lib]
  implicit libs: [stdc++;m;c]
  implicit dirs: [/usr/lib/gcc/x86_64-redhat-linux/4.8.5;/usr/lib64;/lib64;/usr/lib]
  implicit fwks: []


Determining if the function XOpenDisplay exists in the /usr/lib64/libX11.so;/usr/lib64/libXext.so passed with the following output:
Change Dir: /afs/andrew.cmu.edu/usr8/ajaiswal/private/418/15418-Final-Project/CUDA_parallel/build_dir/CMakeFiles/CMakeTmp

Run Build Command:/usr/bin/gmake "cmTryCompileExec2736689358/fast"
/usr/bin/gmake -f CMakeFiles/cmTryCompileExec2736689358.dir/build.make CMakeFiles/cmTryCompileExec2736689358.dir/build
gmake[1]: Entering directory `/afs/andrew.cmu.edu/usr8/ajaiswal/private/418/15418-Final-Project/CUDA_parallel/build_dir/CMakeFiles/CMakeTmp'
/usr/bin/cmake -E cmake_progress_report /afs/andrew.cmu.edu/usr8/ajaiswal/private/418/15418-Final-Project/CUDA_parallel/build_dir/CMakeFiles/CMakeTmp/CMakeFiles 1
Building C object CMakeFiles/cmTryCompileExec2736689358.dir/CheckFunctionExists.c.o
/usr/bin/cc   -DCHECK_FUNCTION_EXISTS=XOpenDisplay   -o CMakeFiles/cmTryCompileExec2736689358.dir/CheckFunctionExists.c.o   -c /usr/share/cmake/Modules/CheckFunctionExists.c
Linking C executable cmTryCompileExec2736689358
/usr/bin/cmake -E cmake_link_script CMakeFiles/cmTryCompileExec2736689358.dir/link.txt --verbose=1
/usr/bin/cc     -DCHECK_FUNCTION_EXISTS=XOpenDisplay    CMakeFiles/cmTryCompileExec2736689358.dir/CheckFunctionExists.c.o  -o cmTryCompileExec2736689358 -rdynamic -lX11 -lXext 
gmake[1]: Leaving directory `/afs/andrew.cmu.edu/usr8/ajaiswal/private/418/15418-Final-Project/CUDA_parallel/build_dir/CMakeFiles/CMakeTmp'


Determining if the function gethostbyname exists passed with the following output:
Change Dir: /afs/andrew.cmu.edu/usr8/ajaiswal/private/418/15418-Final-Project/CUDA_parallel/build_dir/CMakeFiles/CMakeTmp

Run Build Command:/usr/bin/gmake "cmTryCompileExec283912832/fast"
/usr/bin/gmake -f CMakeFiles/cmTryCompileExec283912832.dir/build.make CMakeFiles/cmTryCompileExec283912832.dir/build
gmake[1]: Entering directory `/afs/andrew.cmu.edu/usr8/ajaiswal/private/418/15418-Final-Project/CUDA_parallel/build_dir/CMakeFiles/CMakeTmp'
/usr/bin/cmake -E cmake_progress_report /afs/andrew.cmu.edu/usr8/ajaiswal/private/418/15418-Final-Project/CUDA_parallel/build_dir/CMakeFiles/CMakeTmp/CMakeFiles 1
Building C object CMakeFiles/cmTryCompileExec283912832.dir/CheckFunctionExists.c.o
/usr/bin/cc   -DCHECK_FUNCTION_EXISTS=gethostbyname   -o CMakeFiles/cmTryCompileExec283912832.dir/CheckFunctionExists.c.o   -c /usr/share/cmake/Modules/CheckFunctionExists.c
Linking C executable cmTryCompileExec283912832
/usr/bin/cmake -E cmake_link_script CMakeFiles/cmTryCompileExec283912832.dir/link.txt --verbose=1
/usr/bin/cc     -DCHECK_FUNCTION_EXISTS=gethostbyname    CMakeFiles/cmTryCompileExec283912832.dir/CheckFunctionExists.c.o  -o cmTryCompileExec283912832 -rdynamic 
gmake[1]: Leaving directory `/afs/andrew.cmu.edu/usr8/ajaiswal/private/418/15418-Final-Project/CUDA_parallel/build_dir/CMakeFiles/CMakeTmp'


Determining if the function connect exists passed with the following output:
Change Dir: /afs/andrew.cmu.edu/usr8/ajaiswal/private/418/15418-Final-Project/CUDA_parallel/build_dir/CMakeFiles/CMakeTmp

Run Build Command:/usr/bin/gmake "cmTryCompileExec1640819202/fast"
/usr/bin/gmake -f CMakeFiles/cmTryCompileExec1640819202.dir/build.make CMakeFiles/cmTryCompileExec1640819202.dir/build
gmake[1]: Entering directory `/afs/andrew.cmu.edu/usr8/ajaiswal/private/418/15418-Final-Project/CUDA_parallel/build_dir/CMakeFiles/CMakeTmp'
/usr/bin/cmake -E cmake_progress_report /afs/andrew.cmu.edu/usr8/ajaiswal/private/418/15418-Final-Project/CUDA_parallel/build_dir/CMakeFiles/CMakeTmp/CMakeFiles 1
Building C object CMakeFiles/cmTryCompileExec1640819202.dir/CheckFunctionExists.c.o
/usr/bin/cc   -DCHECK_FUNCTION_EXISTS=connect   -o CMakeFiles/cmTryCompileExec1640819202.dir/CheckFunctionExists.c.o   -c /usr/share/cmake/Modules/CheckFunctionExists.c
Linking C executable cmTryCompileExec1640819202
/usr/bin/cmake -E cmake_link_script CMakeFiles/cmTryCompileExec1640819202.dir/link.txt --verbose=1
/usr/bin/cc     -DCHECK_FUNCTION_EXISTS=connect    CMakeFiles/cmTryCompileExec1640819202.dir/CheckFunctionExists.c.o  -o cmTryCompileExec1640819202 -rdynamic 
gmake[1]: Leaving directory `/afs/andrew.cmu.edu/usr8/ajaiswal/private/418/15418-Final-Project/CUDA_parallel/build_dir/CMakeFiles/CMakeTmp'


Determining if the function remove exists passed with the following output:
Change Dir: /afs/andrew.cmu.edu/usr8/ajaiswal/private/418/15418-Final-Project/CUDA_parallel/build_dir/CMakeFiles/CMakeTmp

Run Build Command:/usr/bin/gmake "cmTryCompileExec1995769626/fast"
/usr/bin/gmake -f CMakeFiles/cmTryCompileExec1995769626.dir/build.make CMakeFiles/cmTryCompileExec1995769626.dir/build
gmake[1]: Entering directory `/afs/andrew.cmu.edu/usr8/ajaiswal/private/418/15418-Final-Project/CUDA_parallel/build_dir/CMakeFiles/CMakeTmp'
/usr/bin/cmake -E cmake_progress_report /afs/andrew.cmu.edu/usr8/ajaiswal/private/418/15418-Final-Project/CUDA_parallel/build_dir/CMakeFiles/CMakeTmp/CMakeFiles 1
Building C object CMakeFiles/cmTryCompileExec1995769626.dir/CheckFunctionExists.c.o
/usr/bin/cc   -DCHECK_FUNCTION_EXISTS=remove   -o CMakeFiles/cmTryCompileExec1995769626.dir/CheckFunctionExists.c.o   -c /usr/share/cmake/Modules/CheckFunctionExists.c
Linking C executable cmTryCompileExec1995769626
/usr/bin/cmake -E cmake_link_script CMakeFiles/cmTryCompileExec1995769626.dir/link.txt --verbose=1
/usr/bin/cc     -DCHECK_FUNCTION_EXISTS=remove    CMakeFiles/cmTryCompileExec1995769626.dir/CheckFunctionExists.c.o  -o cmTryCompileExec1995769626 -rdynamic 
gmake[1]: Leaving directory `/afs/andrew.cmu.edu/usr8/ajaiswal/private/418/15418-Final-Project/CUDA_parallel/build_dir/CMakeFiles/CMakeTmp'


Determining if the function shmat exists passed with the following output:
Change Dir: /afs/andrew.cmu.edu/usr8/ajaiswal/private/418/15418-Final-Project/CUDA_parallel/build_dir/CMakeFiles/CMakeTmp

Run Build Command:/usr/bin/gmake "cmTryCompileExec4145125553/fast"
/usr/bin/gmake -f CMakeFiles/cmTryCompileExec4145125553.dir/build.make CMakeFiles/cmTryCompileExec4145125553.dir/build
gmake[1]: Entering directory `/afs/andrew.cmu.edu/usr8/ajaiswal/private/418/15418-Final-Project/CUDA_parallel/build_dir/CMakeFiles/CMakeTmp'
/usr/bin/cmake -E cmake_progress_report /afs/andrew.cmu.edu/usr8/ajaiswal/private/418/15418-Final-Project/CUDA_parallel/build_dir/CMakeFiles/CMakeTmp/CMakeFiles 1
Building C object CMakeFiles/cmTryCompileExec4145125553.dir/CheckFunctionExists.c.o
/usr/bin/cc   -DCHECK_FUNCTION_EXISTS=shmat   -o CMakeFiles/cmTryCompileExec4145125553.dir/CheckFunctionExists.c.o   -c /usr/share/cmake/Modules/CheckFunctionExists.c
Linking C executable cmTryCompileExec4145125553
/usr/bin/cmake -E cmake_link_script CMakeFiles/cmTryCompileExec4145125553.dir/link.txt --verbose=1
/usr/bin/cc     -DCHECK_FUNCTION_EXISTS=shmat    CMakeFiles/cmTryCompileExec4145125553.dir/CheckFunctionExists.c.o  -o cmTryCompileExec4145125553 -rdynamic 
gmake[1]: Leaving directory `/afs/andrew.cmu.edu/usr8/ajaiswal/private/418/15418-Final-Project/CUDA_parallel/build_dir/CMakeFiles/CMakeTmp'


Determining if the function IceConnectionNumber exists in the ICE passed with the following output:
Change Dir: /afs/andrew.cmu.edu/usr8/ajaiswal/private/418/15418-Final-Project/CUDA_parallel/build_dir/CMakeFiles/CMakeTmp

Run Build Command:/usr/bin/gmake "cmTryCompileExec3491202698/fast"
/usr/bin/gmake -f CMakeFiles/cmTryCompileExec3491202698.dir/build.make CMakeFiles/cmTryCompileExec3491202698.dir/build
gmake[1]: Entering directory `/afs/andrew.cmu.edu/usr8/ajaiswal/private/418/15418-Final-Project/CUDA_parallel/build_dir/CMakeFiles/CMakeTmp'
/usr/bin/cmake -E cmake_progress_report /afs/andrew.cmu.edu/usr8/ajaiswal/private/418/15418-Final-Project/CUDA_parallel/build_dir/CMakeFiles/CMakeTmp/CMakeFiles 1
Building C object CMakeFiles/cmTryCompileExec3491202698.dir/CheckFunctionExists.c.o
/usr/bin/cc   -DCHECK_FUNCTION_EXISTS=IceConnectionNumber   -o CMakeFiles/cmTryCompileExec3491202698.dir/CheckFunctionExists.c.o   -c /usr/share/cmake/Modules/CheckFunctionExists.c
Linking C executable cmTryCompileExec3491202698
/usr/bin/cmake -E cmake_link_script CMakeFiles/cmTryCompileExec3491202698.dir/link.txt --verbose=1
/usr/bin/cc     -DCHECK_FUNCTION_EXISTS=IceConnectionNumber    CMakeFiles/cmTryCompileExec3491202698.dir/CheckFunctionExists.c.o  -o cmTryCompileExec3491202698 -rdynamic -lICE 
gmake[1]: Leaving directory `/afs/andrew.cmu.edu/usr8/ajaiswal/private/418/15418-Final-Project/CUDA_parallel/build_dir/CMakeFiles/CMakeTmp'


